[59427:775:1005/161711.359114:INFO:CONSOLE(53426)] "Angular is running in development mode. Call enableProdMode() to enable production mode.", source: http://localhost:4200/vendor.js (53426)
[59427:775:1005/161711.448701:INFO:CONSOLE(564)] "this.user undefined", source: http://localhost:4200/main.js (564)
[59427:775:1005/161711.642750:INFO:CONSOLE(0)] "[DOM] Input elements should have autocomplete attributes (suggested: "current-password"): (More info: https://goo.gl/9p2vKq) %o", source: http://localhost:4200/ (0)
[59427:775:1005/161711.851152:INFO:CONSOLE(103193)] "[WDS] Live Reloading enabled.", source: http://localhost:4200/vendor.js (103193)
[59427:775:1005/161712.413516:INFO:CONSOLE(377)] "No user is currently logged in with GOOGLE", source: http://localhost:4200/polyfills.js (377)
[59427:775:1005/161713.966796:INFO:CONSOLE(53426)] "Angular is running in development mode. Call enableProdMode() to enable production mode.", source: http://localhost:4200/vendor.js (53426)
[59427:775:1005/161714.012835:INFO:CONSOLE(564)] "this.user undefined", source: http://localhost:4200/main.js (564)
[59427:775:1005/161714.115185:INFO:CONSOLE(0)] "[DOM] Input elements should have autocomplete attributes (suggested: "current-password"): (More info: https://goo.gl/9p2vKq) %o", source: http://localhost:4200/ (0)
[59427:775:1005/161714.285185:INFO:CONSOLE(103193)] "[WDS] Live Reloading enabled.", source: http://localhost:4200/vendor.js (103193)
[59427:775:1005/161714.700218:INFO:CONSOLE(377)] "No user is currently logged in with GOOGLE", source: http://localhost:4200/polyfills.js (377)
[59427:775:1005/161716.622501:INFO:CONSOLE(53426)] "Angular is running in development mode. Call enableProdMode() to enable production mode.", source: http://localhost:4200/vendor.js (53426)
[59427:775:1005/161716.705570:INFO:CONSOLE(564)] "this.user undefined", source: http://localhost:4200/main.js (564)
[59427:775:1005/161716.849484:INFO:CONSOLE(0)] "[DOM] Input elements should have autocomplete attributes (suggested: "current-password"): (More info: https://goo.gl/9p2vKq) %o", source: http://localhost:4200/ (0)
[59427:775:1005/161716.980037:INFO:CONSOLE(103193)] "[WDS] Live Reloading enabled.", source: http://localhost:4200/vendor.js (103193)
[59427:775:1005/161717.404783:INFO:CONSOLE(377)] "No user is currently logged in with GOOGLE", source: http://localhost:4200/polyfills.js (377)
[59427:775:1005/161717.528562:INFO:CONSOLE(396)] "", source: http://localhost:4200/main.js (396)
[59427:775:1005/161718.726733:INFO:CONSOLE(385)] "[object Object]", source: http://localhost:4200/main.js (385)
[59427:775:1005/161718.729696:INFO:CONSOLE(388)] "requestURL https://postb.in/1601885838610-4957477955613", source: http://localhost:4200/main.js (388)
[59427:775:1005/161718.730043:INFO:CONSOLE(389)] "binUrl https://postb.in/b/1601885838610-4957477955613", source: http://localhost:4200/main.js (389)
[59427:775:1005/161719.481867:WARNING:pref_notifier_impl.cc(40)] Pref observer for media_router.cast_allow_all_ips found at shutdown.
